# JRE version: Java(TM) SE Runtime Environment 18.9 (11.0.15.1+2) (build 11.0.15.1+2-LTS-10)
# Java VM: Java HotSpot(TM) 64-Bit Server VM 18.9 (11.0.15.1+2-LTS-10, mixed mode, tiered, compressed oops, g1 gc, linux-amd64)
Heap:
 garbage-first heap   total 624640K, used 263561K [0x0000000083a00000, 0x0000000100000000)
  region size 1024K, 4 young (4096K), 4 survivors (4096K)
 Metaspace       used 86098K, capacity 89211K, committed 89552K, reserved 1128448K
  class space    used 9533K, capacity 10571K, committed 10648K, reserved 1048576K
GC Heap History (10 events):
Event: 48.679 GC heap after
{Heap after GC invocations=47 (full 0):
 garbage-first heap   total 525312K, used 218771K [0x0000000083a00000, 0x0000000100000000)
  region size 1024K, 19 young (19456K), 19 survivors (19456K)
 Metaspace       used 77184K, capacity 79812K, committed 79952K, reserved 1120256K
  class space    used 8430K, capacity 9382K, committed 9496K, reserved 1048576K
}
Event: 55.621 GC heap before
{Heap before GC invocations=47 (full 0):
 garbage-first heap   total 525312K, used 419475K [0x0000000083a00000, 0x0000000100000000)
  region size 1024K, 184 young (188416K), 19 survivors (19456K)
 Metaspace       used 78589K, capacity 81348K, committed 81616K, reserved 1122304K
  class space    used 8593K, capacity 9553K, committed 9624K, reserved 1048576K
}
Event: 55.643 GC heap after
{Heap after GC invocations=48 (full 0):
 garbage-first heap   total 525312K, used 217143K [0x0000000083a00000, 0x0000000100000000)
  region size 1024K, 17 young (17408K), 17 survivors (17408K)
 Metaspace       used 78589K, capacity 81348K, committed 81616K, reserved 1122304K
  class space    used 8593K, capacity 9553K, committed 9624K, reserved 1048576K
}
Event: 70.314 GC heap before
{Heap before GC invocations=48 (full 0):
 garbage-first heap   total 525312K, used 400439K [0x0000000083a00000, 0x0000000100000000)
  region size 1024K, 192 young (196608K), 17 survivors (17408K)
 Metaspace       used 83038K, capacity 86014K, committed 86352K, reserved 1126400K
  class space    used 9212K, capacity 10228K, committed 10264K, reserved 1048576K
}
Event: 70.356 GC heap after
{Heap after GC invocations=49 (full 0):
 garbage-first heap   total 525312K, used 232723K [0x0000000083a00000, 0x0000000100000000)
  region size 1024K, 24 young (24576K), 24 survivors (24576K)
 Metaspace       used 83038K, capacity 86014K, committed 86352K, reserved 1126400K
  class space    used 9212K, capacity 10228K, committed 10264K, reserved 1048576K
}
Event: 95.258 GC heap before
{Heap before GC invocations=49 (full 0):
 garbage-first heap   total 525312K, used 400659K [0x0000000083a00000, 0x0000000100000000)
  region size 1024K, 184 young (188416K), 24 survivors (24576K)
 Metaspace       used 84586K, capacity 87572K, committed 88016K, reserved 1126400K
  class space    used 9367K, capacity 10366K, committed 10392K, reserved 1048576K
}
Event: 95.695 GC heap after
{Heap after GC invocations=50 (full 0):
 garbage-first heap   total 525312K, used 256208K [0x0000000083a00000, 0x0000000100000000)
  region size 1024K, 23 young (23552K), 23 survivors (23552K)
 Metaspace       used 84586K, capacity 87572K, committed 88016K, reserved 1126400K
  class space    used 9367K, capacity 10366K, committed 10392K, reserved 1048576K
}
Event: 141.621 GC heap before
{Heap before GC invocations=50 (full 0):
 garbage-first heap   total 525312K, used 431312K [0x0000000083a00000, 0x0000000100000000)
  region size 1024K, 164 young (167936K), 23 survivors (23552K)
 Metaspace       used 86069K, capacity 89139K, committed 89552K, reserved 1128448K
  class space    used 9531K, capacity 10567K, committed 10648K, reserved 1048576K
}
Event: 142.456 GC heap after
{Heap after GC invocations=51 (full 0):
 garbage-first heap   total 525312K, used 257648K [0x0000000083a00000, 0x0000000100000000)
  region size 1024K, 5 young (5120K), 5 survivors (5120K)
 Metaspace       used 86069K, capacity 89139K, committed 89552K, reserved 1128448K
  class space    used 9531K, capacity 10567K, committed 10648K, reserved 1048576K
}
Event: 144.015 GC heap before
{Heap before GC invocations=51 (full 0):
 garbage-first heap   total 525312K, used 279152K [0x0000000083a00000, 0x0000000100000000)
  region size 1024K, 25 young (25600K), 5 survivors (5120K)
 Metaspace       used 86098K, capacity 89211K, committed 89552K, reserved 1128448K
  class space    used 9533K, capacity 10571K, committed 10648K, reserved 1048576K
}

