# JRE version: Java(TM) SE Runtime Environment 18.9 (11.0.15.1+2) (build 11.0.15.1+2-LTS-10)
# Java VM: Java HotSpot(TM) 64-Bit Server VM 18.9 (11.0.15.1+2-LTS-10, mixed mode, tiered, compressed oops, g1 gc, linux-amd64)
Heap:
 garbage-first heap   total 565248K, used 283425K [0x0000000083a00000, 0x0000000100000000)
  region size 1024K, 8 young (8192K), 8 survivors (8192K)
 Metaspace       used 79676K, capacity 82429K, committed 82608K, reserved 1122304K
  class space    used 8709K, capacity 9689K, committed 9728K, reserved 1048576K
GC Heap History (10 events):
Event: 43.671 GC heap after
{Heap after GC invocations=52 (full 0):
 garbage-first heap   total 390144K, used 228005K [0x0000000083a00000, 0x0000000100000000)
  region size 1024K, 8 young (8192K), 8 survivors (8192K)
 Metaspace       used 77135K, capacity 79827K, committed 80048K, reserved 1120256K
  class space    used 8419K, capacity 9374K, committed 9472K, reserved 1048576K
}
Event: 46.057 GC heap before
{Heap before GC invocations=52 (full 0):
 garbage-first heap   total 390144K, used 312997K [0x0000000083a00000, 0x0000000100000000)
  region size 1024K, 88 young (90112K), 8 survivors (8192K)
 Metaspace       used 77292K, capacity 79939K, committed 80304K, reserved 1120256K
  class space    used 8433K, capacity 9383K, committed 9472K, reserved 1048576K
}
Event: 46.106 GC heap after
{Heap after GC invocations=53 (full 0):
 garbage-first heap   total 390144K, used 248236K [0x0000000083a00000, 0x0000000100000000)
  region size 1024K, 11 young (11264K), 11 survivors (11264K)
 Metaspace       used 77292K, capacity 79939K, committed 80304K, reserved 1120256K
  class space    used 8433K, capacity 9383K, committed 9472K, reserved 1048576K
}
Event: 47.625 GC heap before
{Heap before GC invocations=53 (full 0):
 garbage-first heap   total 390144K, used 310700K [0x0000000083a00000, 0x0000000100000000)
  region size 1024K, 72 young (73728K), 11 survivors (11264K)
 Metaspace       used 78653K, capacity 81411K, committed 81712K, reserved 1122304K
  class space    used 8587K, capacity 9554K, committed 9600K, reserved 1048576K
}
Event: 47.636 GC heap after
{Heap after GC invocations=54 (full 0):
 garbage-first heap   total 390144K, used 255657K [0x0000000083a00000, 0x0000000100000000)
  region size 1024K, 7 young (7168K), 7 survivors (7168K)
 Metaspace       used 78653K, capacity 81411K, committed 81712K, reserved 1122304K
  class space    used 8587K, capacity 9554K, committed 9600K, reserved 1048576K
}
Event: 51.572 GC heap before
{Heap before GC invocations=54 (full 0):
 garbage-first heap   total 390144K, used 345769K [0x0000000083a00000, 0x0000000100000000)
  region size 1024K, 66 young (67584K), 7 survivors (7168K)
 Metaspace       used 78764K, capacity 81476K, committed 81712K, reserved 1122304K
  class space    used 8595K, capacity 9554K, committed 9600K, reserved 1048576K
}
Event: 51.855 GC heap after
{Heap after GC invocations=55 (full 0):
 garbage-first heap   total 390144K, used 252809K [0x0000000083a00000, 0x0000000100000000)
  region size 1024K, 2 young (2048K), 2 survivors (2048K)
 Metaspace       used 78764K, capacity 81476K, committed 81712K, reserved 1122304K
  class space    used 8595K, capacity 9554K, committed 9600K, reserved 1048576K
}
Event: 55.964 GC heap before
{Heap before GC invocations=55 (full 0):
 garbage-first heap   total 390144K, used 321417K [0x0000000083a00000, 0x0000000100000000)
  region size 1024K, 65 young (66560K), 2 survivors (2048K)
 Metaspace       used 78793K, capacity 81551K, committed 81712K, reserved 1122304K
  class space    used 8598K, capacity 9559K, committed 9600K, reserved 1048576K
}
Event: 56.254 GC heap after
{Heap after GC invocations=56 (full 0):
 garbage-first heap   total 390144K, used 269532K [0x0000000083a00000, 0x0000000100000000)
  region size 1024K, 9 young (9216K), 9 survivors (9216K)
 Metaspace       used 78793K, capacity 81551K, committed 81712K, reserved 1122304K
  class space    used 8598K, capacity 9559K, committed 9600K, reserved 1048576K
}
Event: 57.604 GC heap before
{Heap before GC invocations=56 (full 0):
 garbage-first heap   total 390144K, used 318684K [0x0000000083a00000, 0x0000000100000000)
  region size 1024K, 57 young (58368K), 9 survivors (9216K)
 Metaspace       used 79676K, capacity 82429K, committed 82608K, reserved 1122304K
  class space    used 8709K, capacity 9689K, committed 9728K, reserved 1048576K
}

